<?xml version="1.0" encoding="UTF-8" ?>
<testsuite tests="3" failures="0" name="hellocucumber.RunCucumberTest" time="0.04" errors="0" skipped="3">
  <properties>
[...]
</properties>
  <testcase classname="Is it Friday yet?" name="Today is or is not Friday" time="0.012">
    <skipped/>
    <system-out>Feature: Is it Friday yet?
   Everybody wants to know when it&apos;s Friday

  Scenario Outline: Today is or is not Friday &amp;#27;[90m# hellocucumber/is_it_friday_yet.feature:4&amp;#27;[0m
    &amp;#27;[36mGiven today is &lt;day&gt;&amp;#27;[0m
    &amp;#27;[36mWhen I ask whether it&apos;s Friday yet&amp;#27;[0m
    &amp;#27;[36mThen I should be told &lt;answer&gt;&amp;#27;[0m

    Examples: 

  Scenario Outline: Today is or is not Friday &amp;#27;[90m# hellocucumber/is_it_friday_yet.feature:11&amp;#27;[0m
    &amp;#27;[33mGiven &amp;#27;[0m&amp;#27;[33mtoday is &quot;Friday&quot;&amp;#27;[0m                   &amp;#27;[90m# null&amp;#27;[0m
    &amp;#27;[36mWhen &amp;#27;[0m&amp;#27;[36mI ask whether it&apos;s Friday yet&amp;#27;[0m        &amp;#27;[90m# Stepdefs.i_ask_whether_is_s_Friday_yet()&amp;#27;[0m
    &amp;#27;[36mThen &amp;#27;[0m&amp;#27;[36mI should be told &quot;&amp;#27;[0m&amp;#27;[36m&amp;#27;[1mTGIF&amp;#27;[0m&amp;#27;[36m&quot;&amp;#27;[0m              &amp;#27;[90m# Stepdefs.i_should_be_told(String)&amp;#27;[0m
</system-out>
  </testcase>
  <testcase classname="Is it Friday yet?" name="Today is or is not Friday" time="0.014">
    <skipped/>
    <system-out>
  Scenario Outline: Today is or is not Friday &amp;#27;[90m# hellocucumber/is_it_friday_yet.feature:12&amp;#27;[0m
    &amp;#27;[33mGiven &amp;#27;[0m&amp;#27;[33mtoday is &quot;Sunday&quot;&amp;#27;[0m                   &amp;#27;[90m# null&amp;#27;[0m
    &amp;#27;[36mWhen &amp;#27;[0m&amp;#27;[36mI ask whether it&apos;s Friday yet&amp;#27;[0m        &amp;#27;[90m# Stepdefs.i_ask_whether_is_s_Friday_yet()&amp;#27;[0m
    &amp;#27;[36mThen &amp;#27;[0m&amp;#27;[36mI should be told &quot;&amp;#27;[0m&amp;#27;[36m&amp;#27;[1mNope&amp;#27;[0m&amp;#27;[36m&quot;&amp;#27;[0m              &amp;#27;[90m# Stepdefs.i_should_be_told(String)&amp;#27;[0m
</system-out>
  </testcase>
  <testcase classname="Is it Friday yet?" name="Today is or is not Friday" time="0.014">
    <skipped/>
    <system-out>
  Scenario Outline: Today is or is not Friday &amp;#27;[90m# hellocucumber/is_it_friday_yet.feature:13&amp;#27;[0m
    &amp;#27;[33mGiven &amp;#27;[0m&amp;#27;[33mtoday is &quot;anything else!&quot;&amp;#27;[0m           &amp;#27;[90m# null&amp;#27;[0m
    &amp;#27;[36mWhen &amp;#27;[0m&amp;#27;[36mI ask whether it&apos;s Friday yet&amp;#27;[0m        &amp;#27;[90m# Stepdefs.i_ask_whether_is_s_Friday_yet()&amp;#27;[0m
    &amp;#27;[36mThen &amp;#27;[0m&amp;#27;[36mI should be told &quot;&amp;#27;[0m&amp;#27;[36m&amp;#27;[1mNope&amp;#27;[0m&amp;#27;[36m&quot;&amp;#27;[0m              &amp;#27;[90m# Stepdefs.i_should_be_told(String)&amp;#27;[0m
</system-out>
  </testcase>
</testsuite>